*** Starting uWSGI 2.0.18 (64bit) on [Tue Sep  3 09:04:07 2019] ***
compiled with version: 4.2.1 Compatible Apple LLVM 10.0.1 (clang-1001.0.46.4) on 21 August 2019 08:59:15
os: Darwin-18.7.0 Darwin Kernel Version 18.7.0: Thu Jun 20 18:42:21 PDT 2019; root:xnu-4903.270.47~4/RELEASE_X86_64
nodename: appledeMacBook-Pro-3.local
machine: x86_64
clock source: unix
pcre jit disabled
detected number of CPU cores: 8
current working directory: /Users/apple/Desktop/django/swiper/swiper
writing pidfile to uwsgi.pid
detected binary path: /Users/apple/Envs/swiper/bin/uwsgi
chdir() to /Users/apple/program/python/Desktop/django/swiper/swiper
chdir(): No such file or directory [core/uwsgi.c line 2623]
*** Starting uWSGI 2.0.18 (64bit) on [Tue Sep  3 09:05:12 2019] ***
compiled with version: 4.2.1 Compatible Apple LLVM 10.0.1 (clang-1001.0.46.4) on 21 August 2019 08:59:15
os: Darwin-18.7.0 Darwin Kernel Version 18.7.0: Thu Jun 20 18:42:21 PDT 2019; root:xnu-4903.270.47~4/RELEASE_X86_64
nodename: appledeMacBook-Pro-3.local
machine: x86_64
clock source: unix
pcre jit disabled
detected number of CPU cores: 8
current working directory: /Users/apple/Desktop/django/swiper/swiper
writing pidfile to uwsgi.pid
detected binary path: /Users/apple/Envs/swiper/bin/uwsgi
chdir() to /Users/apple/Desktop/django/swiper/swiper
your processes number limit is 1418
your memory page size is 4096 bytes
detected max file descriptor number: 10240
lock engine: OSX spinlocks
thunder lock: disabled (you can enable it with --thunder-lock)
uWSGI http bound on 127.0.0.1:9999 fd 4
uwsgi socket 0 bound to TCP address 127.0.0.1:56483 (port auto-assigned) fd 3
Python version: 3.6.3 (v3.6.3:2c5fed86e0, Oct  3 2017, 00:32:08)  [GCC 4.2.1 (Apple Inc. build 5666) (dot 3)]
Set PythonHome to /Users/apple/Envs/swiper
Python main interpreter initialized at 0x7fb375013000
python threads support enabled
your server socket listen backlog is limited to 100 connections
your mercy for graceful operations on workers is 60 seconds
mapped 416560 bytes (406 KB) for 8 cores
*** Operational MODE: preforking+threaded ***
WSGI app 0 (mountpoint='') ready in 1 seconds on interpreter 0x7fb375013000 pid: 86016 (default app)
*** uWSGI is running in multiple interpreter mode ***
spawned uWSGI master process (pid: 86016)
spawned uWSGI worker 1 (pid: 86023, cores: 2)
spawned uWSGI worker 2 (pid: 86024, cores: 2)
spawned uWSGI worker 3 (pid: 86025, cores: 2)
spawned uWSGI worker 4 (pid: 86026, cores: 2)
spawned uWSGI http 1 (pid: 86027)
[pid: 86026|app: 0|req: 1/1] 127.0.0.1 () {46 vars in 872 bytes} [Tue Sep  3 01:05:48 2019] GET / => generated 56 bytes in 61 msecs (HTTP/1.1 200) 4 headers in 114 bytes (1 switches on core 0)
[pid: 86026|app: 0|req: 2/2] 127.0.0.1 () {42 vars in 775 bytes} [Tue Sep  3 01:05:49 2019] GET /favicon.ico => generated 56 bytes in 195 msecs (HTTP/1.1 200) 4 headers in 114 bytes (1 switches on core 1)
Tue Sep  3 01:06:25 2019 - uWSGI worker 4 screams: UAAAAAAH my master disconnected: i will kill myself !!!
Tue Sep  3 01:06:25 2019 - uWSGI worker 4 screams: UAAAAAAH my master disconnected: i will kill myself !!!
Tue Sep  3 01:06:25 2019 - uWSGI worker 3 screams: UAAAAAAH my master disconnected: i will kill myself !!!
Tue Sep  3 01:06:25 2019 - uWSGI worker 1 screams: UAAAAAAH my master disconnected: i will kill myself !!!
Tue Sep  3 01:06:25 2019 - uWSGI worker 3 screams: UAAAAAAH my master disconnected: i will kill myself !!!
Tue Sep  3 01:06:25 2019 - uWSGI worker 1 screams: UAAAAAAH my master disconnected: i will kill myself !!!
Tue Sep  3 01:06:25 2019 - uWSGI worker 2 screams: UAAAAAAH my master disconnected: i will kill myself !!!
Tue Sep  3 01:06:25 2019 - uWSGI worker 2 screams: UAAAAAAH my master disconnected: i will kill myself !!!
